<?xml version="1.0" encoding="UTF-8"?>
<!-- Generated by org.testng.reporters.JUnitXMLReporter -->
<testsuite ignored="0" hostname="LIN59021064" failures="0" tests="3" name="LoginTest" time="37.621" errors="0" timestamp="2024-08-08T18:56:39 IST">
  <testcase classname="FrameworksDemo.testclasses.EndToEndClass" name="submitOrder" time="6.899"/>
  <testcase classname="FrameworksDemo.testclasses.EndToEndClass" name="submitOrder" time="5.995"/>
  <testcase classname="FrameworksDemo.testclasses.EndToEndClass" name="VerifyOrder" time="2.31"/>
</testsuite> <!-- LoginTest -->
