<?xml version="1.0" encoding="UTF-8"?>
<!-- Generated by org.testng.reporters.JUnitXMLReporter -->
<testsuite ignored="0" hostname="LIN59021064" failures="0" tests="3" name="LoginTest" time="54.896" errors="0" timestamp="2024-08-10T12:37:30 IST">
  <testcase classname="FrameworksDemo.testclasses.EndToEndClass" name="submitOrder" time="15.675"/>
  <testcase classname="FrameworksDemo.testclasses.EndToEndClass" name="submitOrder" time="6.535"/>
  <testcase classname="FrameworksDemo.testclasses.EndToEndClass" name="VerifyOrder" time="1.387"/>
</testsuite> <!-- LoginTest -->
