<?xml version="1.0" encoding="UTF-8"?>
<testng-results ignored="0" total="4" passed="4" failed="0" skipped="0">
  <reporter-output>
  </reporter-output>
  <suite started-at="2024-08-10T12:07:58 IST" name="Default suite" finished-at="2024-08-10T12:08:23 IST" duration-ms="25200">
    <groups>
      <group name="cucumber">
        <method signature="AbstractTestNGCucumberTests.runScenario(io.cucumber.testng.PickleWrapper,io.cucumber.testng.FeatureWrapper)[pri:0, instance:cucumber.CucumberTestRunner@45d84a20]" name="runScenario" class="io.cucumber.testng.AbstractTestNGCucumberTests"/>
      </group> <!-- cucumber -->
    </groups>
    <test started-at="2024-08-10T12:07:58 IST" name="Default test" finished-at="2024-08-10T12:08:23 IST" duration-ms="25200">
      <class name="cucumber.CucumberTestRunner">
        <test-method is-config="true" signature="setUpClass(org.testng.ITestContext)[pri:0, instance:cucumber.CucumberTestRunner@45d84a20]" started-at="2024-08-10T12:07:58 IST" name="setUpClass" finished-at="2024-08-10T12:07:58 IST" duration-ms="802" status="PASS">
          <params>
            <param index="0">
              <value>
                <![CDATA[org.testng.TestRunner@60f77af]]>
              </value>
            </param>
          </params>
          <reporter-output>
          </reporter-output>
        </test-method> <!-- setUpClass -->
        <test-method signature="runScenario(io.cucumber.testng.PickleWrapper,io.cucumber.testng.FeatureWrapper)[pri:0, instance:cucumber.CucumberTestRunner@45d84a20]" started-at="2024-08-10T12:07:58 IST" name="runScenario" description="Runs Cucumber Scenarios" data-provider="scenarios" finished-at="2024-08-10T12:08:08 IST" duration-ms="9149" status="PASS">
          <params>
            <param index="0">
              <value>
                <![CDATA["Login and Place Order"]]>
              </value>
            </param>
            <param index="1">
              <value>
                <![CDATA["Purchasing Products"]]>
              </value>
            </param>
          </params>
          <reporter-output>
          </reporter-output>
        </test-method> <!-- runScenario -->
        <test-method signature="runScenario(io.cucumber.testng.PickleWrapper,io.cucumber.testng.FeatureWrapper)[pri:0, instance:cucumber.CucumberTestRunner@45d84a20]" started-at="2024-08-10T12:08:08 IST" name="runScenario" description="Runs Cucumber Scenarios" data-provider="scenarios" finished-at="2024-08-10T12:08:16 IST" duration-ms="8328" status="PASS">
          <params>
            <param index="0">
              <value>
                <![CDATA["Login and Place Order"]]>
              </value>
            </param>
            <param index="1">
              <value>
                <![CDATA["Purchasing Products"]]>
              </value>
            </param>
          </params>
          <reporter-output>
          </reporter-output>
        </test-method> <!-- runScenario -->
        <test-method signature="runScenario(io.cucumber.testng.PickleWrapper,io.cucumber.testng.FeatureWrapper)[pri:0, instance:cucumber.CucumberTestRunner@45d84a20]" started-at="2024-08-10T12:08:16 IST" name="runScenario" description="Runs Cucumber Scenarios" data-provider="scenarios" finished-at="2024-08-10T12:08:19 IST" duration-ms="3445" status="PASS">
          <params>
            <param index="0">
              <value>
                <![CDATA["Handling Errors in Login Page"]]>
              </value>
            </param>
            <param index="1">
              <value>
                <![CDATA["Error Handling"]]>
              </value>
            </param>
          </params>
          <reporter-output>
          </reporter-output>
        </test-method> <!-- runScenario -->
        <test-method signature="runScenario(io.cucumber.testng.PickleWrapper,io.cucumber.testng.FeatureWrapper)[pri:0, instance:cucumber.CucumberTestRunner@45d84a20]" started-at="2024-08-10T12:08:19 IST" name="runScenario" description="Runs Cucumber Scenarios" data-provider="scenarios" finished-at="2024-08-10T12:08:23 IST" duration-ms="3381" status="PASS">
          <params>
            <param index="0">
              <value>
                <![CDATA["Handling Errors in Login Page"]]>
              </value>
            </param>
            <param index="1">
              <value>
                <![CDATA["Error Handling"]]>
              </value>
            </param>
          </params>
          <reporter-output>
          </reporter-output>
        </test-method> <!-- runScenario -->
        <test-method is-config="true" signature="tearDownClass()[pri:0, instance:cucumber.CucumberTestRunner@45d84a20]" started-at="2024-08-10T12:08:23 IST" name="tearDownClass" finished-at="2024-08-10T12:08:23 IST" duration-ms="23" status="PASS">
          <reporter-output>
          </reporter-output>
        </test-method> <!-- tearDownClass -->
      </class> <!-- cucumber.CucumberTestRunner -->
    </test> <!-- Default test -->
  </suite> <!-- Default suite -->
</testng-results>
